Using pre-set license
Built from '2020.3/staging' branch; Version is '2020.3.23f1 (c5d91304a876) revision 12966163'; Using compiler version '192528614'; Build Type 'Release'
OS: 'Windows 7  (6.1.0) 64bit' Language: 'pt' Physical Memory: 2815 MB
BatchMode: 1, IsHumanControllingUs: 0, StartBugReporterOnCrash: 0, Is64bit: 1, IsPro: 0

COMMAND LINE ARGUMENTS:
C:\Program Files\Unity 2020.3.23f1\Editor\Unity.exe
-adb2
-batchMode
-noUpm
-name
AssetImportWorker1
-projectPath
C:/Users/ogaiH/Documents/Repositorios/PI/PI multigenero
-logFile
Logs/AssetImportWorker1.log
-srvPort
57243
Successfully changed project path to: C:/Users/ogaiH/Documents/Repositorios/PI/PI multigenero
C:/Users/ogaiH/Documents/Repositorios/PI/PI multigenero
Using Asset Import Pipeline V2.
Refreshing native plugins compatible for Editor in 94.10 ms, found 2 plugins.
Preloading 0 native plugins for Editor in 0.00 ms.
Initialize engine version: 2020.3.23f1 (c5d91304a876)
[Subsystems] Discovering subsystems at path C:/Program Files/Unity 2020.3.23f1/Editor/Data/Resources/UnitySubsystems
[Subsystems] Discovering subsystems at path C:/Users/ogaiH/Documents/Repositorios/PI/PI multigenero/Assets
GfxDevice: creating device client; threaded=0
d3d11: CreateDXGIFactory2(...) not found, fallbacking to CreateDXGIFactory1(...).
d3d11: QueryInterface(IDXGIFactory5) failed (80004002).
Direct3D:
    Version:  Direct3D 11.0 [level 10.0]
    Renderer: NVIDIA GeForce 9100M G (ID=0x86e)
    Vendor:   
    VRAM:     784 MB
    Driver:   21.21.13.4201
Initialize mono
Mono path[0] = 'C:/Program Files/Unity 2020.3.23f1/Editor/Data/Managed'
Mono path[1] = 'C:/Program Files/Unity 2020.3.23f1/Editor/Data/MonoBleedingEdge/lib/mono/unityjit'
Mono config path = 'C:/Program Files/Unity 2020.3.23f1/Editor/Data/MonoBleedingEdge/etc'
Using monoOptions --debugger-agent=transport=dt_socket,embedding=1,server=y,suspend=n,address=127.0.0.1:56456
Begin MonoManager ReloadAssembly
Registering precompiled unity dll's ...
Register platform support module: C:/Program Files/Unity 2020.3.23f1/Editor/Data/PlaybackEngines/WindowsStandaloneSupport/UnityEditor.WindowsStandalone.Extensions.dll
Registered in 0.005071 seconds.
Native extension for WindowsStandalone target not found
Refreshing native plugins compatible for Editor in 90.47 ms, found 2 plugins.
Preloading 0 native plugins for Editor in 0.00 ms.
Mono: successfully reloaded assembly
- Completed reload, in  2.947 seconds
Domain Reload Profiling:
	ReloadAssembly (2948ms)
		BeginReloadAssembly (202ms)
			ExecutionOrderSort (0ms)
			DisableScriptedObjects (0ms)
			BackupInstance (0ms)
			ReleaseScriptingObjects (0ms)
			CreateAndSetChildDomain (3ms)
		EndReloadAssembly (2279ms)
			LoadAssemblies (198ms)
			RebuildTransferFunctionScriptingTraits (0ms)
			SetupTypeCache (1048ms)
			ReleaseScriptCaches (0ms)
			RebuildScriptCaches (104ms)
			SetupLoadedEditorAssemblies (687ms)
				LogAssemblyErrors (0ms)
				InitializePlatformSupportModulesInManaged (17ms)
				SetLoadedEditorAssemblies (1ms)
				RefreshPlugins (91ms)
				BeforeProcessingInitializeOnLoad (41ms)
				ProcessInitializeOnLoadAttributes (378ms)
				ProcessInitializeOnLoadMethodAttributes (158ms)
				AfterProcessingInitializeOnLoad (0ms)
				EditorAssembliesLoaded (1ms)
			ExecutionOrderSort2 (0ms)
			AwakeInstancesAfterBackupRestoration (0ms)
Platform modules already initialized, skipping
Registering precompiled user dll's ...
Registered in 0.010296 seconds.
Begin MonoManager ReloadAssembly
Native extension for WindowsStandalone target not found
Refreshing native plugins compatible for Editor in 0.96 ms, found 2 plugins.
Preloading 0 native plugins for Editor in 0.00 ms.
Mono: successfully reloaded assembly
- Completed reload, in  3.886 seconds
Domain Reload Profiling:
	ReloadAssembly (3890ms)
		BeginReloadAssembly (561ms)
			ExecutionOrderSort (0ms)
			DisableScriptedObjects (32ms)
			BackupInstance (0ms)
			ReleaseScriptingObjects (0ms)
			CreateAndSetChildDomain (62ms)
		EndReloadAssembly (3097ms)
			LoadAssemblies (416ms)
			RebuildTransferFunctionScriptingTraits (0ms)
			SetupTypeCache (1055ms)
			ReleaseScriptCaches (1ms)
			RebuildScriptCaches (138ms)
			SetupLoadedEditorAssemblies (1204ms)
				LogAssemblyErrors (0ms)
				InitializePlatformSupportModulesInManaged (19ms)
				SetLoadedEditorAssemblies (2ms)
				RefreshPlugins (1ms)
				BeforeProcessingInitializeOnLoad (176ms)
				ProcessInitializeOnLoadAttributes (921ms)
				ProcessInitializeOnLoadMethodAttributes (71ms)
				AfterProcessingInitializeOnLoad (13ms)
				EditorAssembliesLoaded (1ms)
			ExecutionOrderSort2 (0ms)
			AwakeInstancesAfterBackupRestoration (37ms)
Platform modules already initialized, skipping
========================================================================
Worker process is ready to serve import requests
Launched and connected shader compiler UnityShaderCompiler.exe after 0.48 seconds
Refreshing native plugins compatible for Editor in 0.95 ms, found 2 plugins.
Preloading 0 native plugins for Editor in 0.00 ms.
Unloading 1503 Unused Serialized files (Serialized files now loaded: 0)
System memory in use before: 67.8 MB.
System memory in use after: 67.8 MB.

Unloading 19 unused Assets to reduce memory usage. Loaded Objects now: 1936.
Total: 8.805978 ms (FindLiveObjects: 1.542058 ms CreateObjectMapping: 0.371435 ms MarkObjects: 6.714680 ms  DeleteObjects: 0.165703 ms)

AssetImportParameters requested are different than current active one (requested -> active):
  custom:framework-win-MediaFoundation: 216162199b28c13a410421893ffa2e32 -> 
  custom:video-decoder-ogg-theora: a1e56fd34408186e4bbccfd4996cb3dc -> 
  custom:container-muxer-webm: aa71ff27fc2769a1b78a27578f13a17b -> 
  custom:container-demuxer-webm: 4f35f7cbe854078d1ac9338744f61a02 -> 
  custom:container-demuxer-ogg: 62fdf1f143b41e24485cea50d1cbac27 -> 
  custom:video-encoder-webm-vp8: eb34c28f22e8b96e1ab97ce403110664 -> 
  custom:video-decoder-webm-vp8: 9c59270c3fd7afecdb556c50c9e8de78 -> 
  custom:audio-decoder-ogg-vorbis: bf7c407c2cedff20999df2af8eb42d56 -> 
  custom:audio-encoder-webm-vorbis: bf7c407c2cedff20999df2af8eb42d56 -> 
========================================================================
Received Import Request.
  path: Assets/player/nuvens png.jpg
  artifactKey: Guid(e3bdc9a8a0c4e874f93e39b7d1d13542) Importer(815301076,1909f56bfc062723c751e8b465ee728b)
Start importing Assets/player/nuvens png.jpg using Guid(e3bdc9a8a0c4e874f93e39b7d1d13542) Importer(815301076,1909f56bfc062723c751e8b465ee728b)  -> (artifact id: '4252791207a884515eb644da557d611b') in 1.584236 seconds 
  Import took 1.608670 seconds .

========================================================================
Received Import Request.
  Time since last request: 170.016449 seconds.
  path: Assets/UnitySetup-Android-Support-for-Editor-2020.3.23f1.exe
  artifactKey: Guid(25cf731cc068b8c4396d58e32db91129) Importer(815301076,1909f56bfc062723c751e8b465ee728b)
Start importing Assets/UnitySetup-Android-Support-for-Editor-2020.3.23f1.exe using Guid(25cf731cc068b8c4396d58e32db91129) Importer(815301076,1909f56bfc062723c751e8b465ee728b)  -> (artifact id: '62c5d396e534b0eccd42ae4f1bd6dee1') in 0.020406 seconds 
  Import took 0.051336 seconds .

========================================================================
Received Import Request.
  Time since last request: 4.044989 seconds.
  path: Assets/titulos e menus
  artifactKey: Guid(8dc68ecc182329b4e8b677c7a291e39c) Importer(815301076,1909f56bfc062723c751e8b465ee728b)
Start importing Assets/titulos e menus using Guid(8dc68ecc182329b4e8b677c7a291e39c) Importer(815301076,1909f56bfc062723c751e8b465ee728b)  -> (artifact id: '211b4abe2192e7201b67cdb29164d54d') in 0.315926 seconds 
  Import took 0.343255 seconds .

========================================================================
Received Import Request.
  Time since last request: 57.699696 seconds.
  path: Assets/platformer-extendedtiles-0/preview.png
  artifactKey: Guid(365db58e091e0f541bfe25fb3e0b39f1) Importer(815301076,1909f56bfc062723c751e8b465ee728b)
Start importing Assets/platformer-extendedtiles-0/preview.png using Guid(365db58e091e0f541bfe25fb3e0b39f1) Importer(815301076,1909f56bfc062723c751e8b465ee728b)  -> (artifact id: '08b1fac168536e13b5d9a68831db04df') in 0.073816 seconds 
  Import took 0.083453 seconds .

========================================================================
Received Import Request.
  Time since last request: 0.000398 seconds.
  path: Assets/platformer-extendedtiles-0/sample.png
  artifactKey: Guid(21d7cc80a57888d4499a5e63c4ed5f12) Importer(815301076,1909f56bfc062723c751e8b465ee728b)
Start importing Assets/platformer-extendedtiles-0/sample.png using Guid(21d7cc80a57888d4499a5e63c4ed5f12) Importer(815301076,1909f56bfc062723c751e8b465ee728b)  -> (artifact id: '51609a4992e3b824ef60612ef9280d44') in 0.050079 seconds 
  Import took 0.056482 seconds .

========================================================================
Received Import Request.
  Time since last request: 28.727196 seconds.
  path: Assets/platformer-extendedtiles-0/preview.png
  artifactKey: Guid(365db58e091e0f541bfe25fb3e0b39f1) Importer(815301076,1909f56bfc062723c751e8b465ee728b)
Start importing Assets/platformer-extendedtiles-0/preview.png using Guid(365db58e091e0f541bfe25fb3e0b39f1) Importer(815301076,1909f56bfc062723c751e8b465ee728b)  -> (artifact id: '86c1908c7d18b678634b01844f82077c') in 0.052667 seconds 
  Import took 0.059444 seconds .

========================================================================
Received Import Request.
  Time since last request: 15.801439 seconds.
  path: Assets/platformer-extendedtiles-0/sample.png
  artifactKey: Guid(21d7cc80a57888d4499a5e63c4ed5f12) Importer(815301076,1909f56bfc062723c751e8b465ee728b)
Start importing Assets/platformer-extendedtiles-0/sample.png using Guid(21d7cc80a57888d4499a5e63c4ed5f12) Importer(815301076,1909f56bfc062723c751e8b465ee728b)  -> (artifact id: '428175234dc984fa8f8cb1304f983947') in 0.067906 seconds 
  Import took 0.078083 seconds .

========================================================================
Received Import Request.
  Time since last request: 3.651422 seconds.
  path: Assets/platformer-extendedtiles-0/preview.png
  artifactKey: Guid(365db58e091e0f541bfe25fb3e0b39f1) Importer(815301076,1909f56bfc062723c751e8b465ee728b)
Start importing Assets/platformer-extendedtiles-0/preview.png using Guid(365db58e091e0f541bfe25fb3e0b39f1) Importer(815301076,1909f56bfc062723c751e8b465ee728b)  -> (artifact id: 'b302ddf0c5dec0eb231285982f0c2bda') in 0.046111 seconds 
  Import took 0.053181 seconds .

========================================================================
Received Import Request.
  Time since last request: 3.401508 seconds.
  path: Assets/platformer-extendedtiles-0/Vector
  artifactKey: Guid(df3d2fa40e1485d438027d8f780c664b) Importer(815301076,1909f56bfc062723c751e8b465ee728b)
Start importing Assets/platformer-extendedtiles-0/Vector using Guid(df3d2fa40e1485d438027d8f780c664b) Importer(815301076,1909f56bfc062723c751e8b465ee728b)  -> (artifact id: '82a947d09989cb8fc6c3d20246b9bac9') in 0.009922 seconds 
  Import took 0.018286 seconds .

========================================================================
Received Import Request.
  Time since last request: 57.164158 seconds.
  path: Assets/Pixel Adventure 1
  artifactKey: Guid(85dc5d7c5fb5e33439bfb9c076264a08) Importer(815301076,1909f56bfc062723c751e8b465ee728b)
Start importing Assets/Pixel Adventure 1 using Guid(85dc5d7c5fb5e33439bfb9c076264a08) Importer(815301076,1909f56bfc062723c751e8b465ee728b)  -> (artifact id: '28e667e417fb0a706b2cb09dabbb45e0') in 0.007660 seconds 
  Import took 0.014755 seconds .

========================================================================
Received Import Request.
  Time since last request: 1.470246 seconds.
  path: Assets/Pixel Adventure 1/Assets
  artifactKey: Guid(e7fabf8f9d1b6f6499883b9c8ad15b65) Importer(815301076,1909f56bfc062723c751e8b465ee728b)
Start importing Assets/Pixel Adventure 1/Assets using Guid(e7fabf8f9d1b6f6499883b9c8ad15b65) Importer(815301076,1909f56bfc062723c751e8b465ee728b)  -> (artifact id: '1e7538a39be8e0bfd3108565dfc139fc') in 0.031083 seconds 
  Import took 0.038236 seconds .

========================================================================
Received Import Request.
  Time since last request: 8.080765 seconds.
  path: Assets/Pixel Adventure 1/Assets/Background
  artifactKey: Guid(e2c5ef056991e3c4b902833ce4b5c2f9) Importer(815301076,1909f56bfc062723c751e8b465ee728b)
Start importing Assets/Pixel Adventure 1/Assets/Background using Guid(e2c5ef056991e3c4b902833ce4b5c2f9) Importer(815301076,1909f56bfc062723c751e8b465ee728b)  -> (artifact id: 'c7178d06e7f6d7190aa0aa8240c4c252') in 0.009742 seconds 
  Import took 0.016541 seconds .

========================================================================
Received Import Request.
  Time since last request: 0.212862 seconds.
  path: Assets/Pixel Adventure 1/Assets/Background/bg.png
  artifactKey: Guid(7c9ff7adc78569a4ab81d99802c7f0dd) Importer(815301076,1909f56bfc062723c751e8b465ee728b)
Start importing Assets/Pixel Adventure 1/Assets/Background/bg.png using Guid(7c9ff7adc78569a4ab81d99802c7f0dd) Importer(815301076,1909f56bfc062723c751e8b465ee728b)  -> (artifact id: '75459858331a4ee3aa4b39230c443826') in 0.052450 seconds 
  Import took 0.059802 seconds .

========================================================================
Received Import Request.
  Time since last request: 0.002494 seconds.
  path: Assets/Pixel Adventure 1/Assets/Background/Gray.png
  artifactKey: Guid(ffc80c129c9aca14c9fb4dbeba0e10d2) Importer(815301076,1909f56bfc062723c751e8b465ee728b)
Start importing Assets/Pixel Adventure 1/Assets/Background/Gray.png using Guid(ffc80c129c9aca14c9fb4dbeba0e10d2) Importer(815301076,1909f56bfc062723c751e8b465ee728b)  -> (artifact id: '2f421a889ccbb5b263054cddc3e2f109') in 0.058477 seconds 
  Import took 0.066283 seconds .

========================================================================
Received Import Request.
  Time since last request: 0.000581 seconds.
  path: Assets/Pixel Adventure 1/Assets/Background/Green.png
  artifactKey: Guid(2538710101d0f1f4e8976b3495cd1f75) Importer(815301076,1909f56bfc062723c751e8b465ee728b)
Start importing Assets/Pixel Adventure 1/Assets/Background/Green.png using Guid(2538710101d0f1f4e8976b3495cd1f75) Importer(815301076,1909f56bfc062723c751e8b465ee728b)  -> (artifact id: 'af3b7ddc1773b2d34807234fdeff47db') in 0.039727 seconds 
  Import took 0.047025 seconds .

========================================================================
Received Import Request.
  Time since last request: 0.000990 seconds.
  path: Assets/Pixel Adventure 1/Assets/Background/Blue.png
  artifactKey: Guid(8049ea91a9d5fca4dab4024c0915dbe6) Importer(815301076,1909f56bfc062723c751e8b465ee728b)
Start importing Assets/Pixel Adventure 1/Assets/Background/Blue.png using Guid(8049ea91a9d5fca4dab4024c0915dbe6) Importer(815301076,1909f56bfc062723c751e8b465ee728b)  -> (artifact id: '682e93c518a71011eed0c1410fa7c385') in 0.044761 seconds 
  Import took 0.052196 seconds .

========================================================================
Received Import Request.
  Time since last request: 0.000871 seconds.
  path: Assets/Pixel Adventure 1/Assets/Background/Yellow.png
  artifactKey: Guid(4d8c75a4d7dd2a0489270e1058d82128) Importer(815301076,1909f56bfc062723c751e8b465ee728b)
Start importing Assets/Pixel Adventure 1/Assets/Background/Yellow.png using Guid(4d8c75a4d7dd2a0489270e1058d82128) Importer(815301076,1909f56bfc062723c751e8b465ee728b)  -> (artifact id: 'ffa7a68e993b9475acb651bb7fb56b6b') in 0.123406 seconds 
  Import took 0.130441 seconds .

========================================================================
Received Import Request.
  Time since last request: 0.000486 seconds.
  path: Assets/Pixel Adventure 1/Assets/Background/Pink.png
  artifactKey: Guid(348c3b734b11d3b4aa5c69e25b7113e6) Importer(815301076,1909f56bfc062723c751e8b465ee728b)
Start importing Assets/Pixel Adventure 1/Assets/Background/Pink.png using Guid(348c3b734b11d3b4aa5c69e25b7113e6) Importer(815301076,1909f56bfc062723c751e8b465ee728b)  -> (artifact id: '488de74b775dfc9520eb01740745927a') in 0.082308 seconds 
  Import took 0.089859 seconds .

========================================================================
Received Import Request.
  Time since last request: 0.000613 seconds.
  path: Assets/Pixel Adventure 1/Assets/Background/Brown.png
  artifactKey: Guid(ca6a66f8e2ae9c24c8c6b39c49206a0d) Importer(815301076,1909f56bfc062723c751e8b465ee728b)
Start importing Assets/Pixel Adventure 1/Assets/Background/Brown.png using Guid(ca6a66f8e2ae9c24c8c6b39c49206a0d) Importer(815301076,1909f56bfc062723c751e8b465ee728b)  -> (artifact id: '5f2bda662590b291a780d5b3fce2cf47') in 0.080076 seconds 
  Import took 0.090445 seconds .

========================================================================
Received Import Request.
  Time since last request: 0.000577 seconds.
  path: Assets/Pixel Adventure 1/Assets/Background/Purple.png
  artifactKey: Guid(248611cc7bb8d85448933cee393ce41e) Importer(815301076,1909f56bfc062723c751e8b465ee728b)
Start importing Assets/Pixel Adventure 1/Assets/Background/Purple.png using Guid(248611cc7bb8d85448933cee393ce41e) Importer(815301076,1909f56bfc062723c751e8b465ee728b)  -> (artifact id: 'e5920299232f5ff00e972b62411501cd') in 0.083395 seconds 
  Import took 0.090090 seconds .

========================================================================
Received Import Request.
  Time since last request: 21.626069 seconds.
  path: Assets/Pixel Adventure 1/Assets/Background/bg.png
  artifactKey: Guid(7c9ff7adc78569a4ab81d99802c7f0dd) Importer(815301076,1909f56bfc062723c751e8b465ee728b)
Start importing Assets/Pixel Adventure 1/Assets/Background/bg.png using Guid(7c9ff7adc78569a4ab81d99802c7f0dd) Importer(815301076,1909f56bfc062723c751e8b465ee728b)  -> (artifact id: '4e63fc1e4ab9a94867a1e2f08e34d89a') in 0.057564 seconds 
  Import took 0.065065 seconds .

========================================================================
Received Import Request.
  Time since last request: 39.292341 seconds.
  path: Assets/Pixel Adventure 1/Assets/Background/bg.png
  artifactKey: Guid(7c9ff7adc78569a4ab81d99802c7f0dd) Importer(815301076,1909f56bfc062723c751e8b465ee728b)
Start importing Assets/Pixel Adventure 1/Assets/Background/bg.png using Guid(7c9ff7adc78569a4ab81d99802c7f0dd) Importer(815301076,1909f56bfc062723c751e8b465ee728b)  -> (artifact id: 'd17a79fd547d29fde69b9bd937681273') in 0.038373 seconds 
  Import took 0.045570 seconds .

========================================================================
Received Import Request.
  Time since last request: 15.512811 seconds.
  path: Assets/Pixel Adventure 1/Assets/Background/bg.png
  artifactKey: Guid(7c9ff7adc78569a4ab81d99802c7f0dd) Importer(815301076,1909f56bfc062723c751e8b465ee728b)
Start importing Assets/Pixel Adventure 1/Assets/Background/bg.png using Guid(7c9ff7adc78569a4ab81d99802c7f0dd) Importer(815301076,1909f56bfc062723c751e8b465ee728b)  -> (artifact id: '4141d665e7e3490633dcc50dda7e38c5') in 0.049854 seconds 
  Import took 0.056436 seconds .

========================================================================
Received Import Request.
  Time since last request: 24.215247 seconds.
  path: Assets/Pixel Adventure 1/Assets/Background/bg.png
  artifactKey: Guid(7c9ff7adc78569a4ab81d99802c7f0dd) Importer(815301076,1909f56bfc062723c751e8b465ee728b)
Start importing Assets/Pixel Adventure 1/Assets/Background/bg.png using Guid(7c9ff7adc78569a4ab81d99802c7f0dd) Importer(815301076,1909f56bfc062723c751e8b465ee728b)  -> (artifact id: '5c9f232b80dc101b19528492671d2773') in 0.039777 seconds 
  Import took 0.047446 seconds .

AssetImportWorkerClient::OnTransportError - code=2 error=End of file
