Using pre-set license
Built from '2020.3/staging' branch; Version is '2020.3.23f1 (c5d91304a876) revision 12966163'; Using compiler version '192528614'; Build Type 'Release'
OS: 'Windows 10 Home Single Language; OS build 19042.1237; Version 2009; 64bit' Language: 'pt' Physical Memory: 3956 MB
BatchMode: 1, IsHumanControllingUs: 0, StartBugReporterOnCrash: 0, Is64bit: 1, IsPro: 0

COMMAND LINE ARGUMENTS:
C:\Program Files\Unity 2020.3.23f1\Editor\Unity.exe
-adb2
-batchMode
-noUpm
-name
AssetImportWorker4
-projectPath
C:/Users/ogaih/Documents/Repositorios/PI/Jorge Final Developer Project
-logFile
Logs/AssetImportWorker4.log
-srvPort
55578
Successfully changed project path to: C:/Users/ogaih/Documents/Repositorios/PI/Jorge Final Developer Project
C:/Users/ogaih/Documents/Repositorios/PI/Jorge Final Developer Project
Using Asset Import Pipeline V2.
Refreshing native plugins compatible for Editor in 1242.42 ms, found 3 plugins.
Preloading 0 native plugins for Editor in 0.00 ms.
Initialize engine version: 2020.3.23f1 (c5d91304a876)
[Subsystems] Discovering subsystems at path C:/Program Files/Unity 2020.3.23f1/Editor/Data/Resources/UnitySubsystems
[Subsystems] Discovering subsystems at path C:/Users/ogaih/Documents/Repositorios/PI/Jorge Final Developer Project/Assets
GfxDevice: creating device client; threaded=0
Direct3D:
    Version:  Direct3D 11.0 [level 11.1]
    Renderer: Intel(R) HD Graphics (ID=0x22b0)
    Vendor:   
    VRAM:     1978 MB
    Driver:   20.19.15.4474
Initialize mono
Mono path[0] = 'C:/Program Files/Unity 2020.3.23f1/Editor/Data/Managed'
Mono path[1] = 'C:/Program Files/Unity 2020.3.23f1/Editor/Data/MonoBleedingEdge/lib/mono/unityjit'
Mono config path = 'C:/Program Files/Unity 2020.3.23f1/Editor/Data/MonoBleedingEdge/etc'
Using monoOptions --debugger-agent=transport=dt_socket,embedding=1,server=y,suspend=n,address=127.0.0.1:56348
Begin MonoManager ReloadAssembly
Registering precompiled unity dll's ...
Register platform support module: C:/Program Files/Unity 2020.3.23f1/Editor/Data/PlaybackEngines/WindowsStandaloneSupport/UnityEditor.WindowsStandalone.Extensions.dll
Registered in 0.046812 seconds.
