Using pre-set license
Built from '2020.3/staging' branch; Version is '2020.3.23f1 (c5d91304a876) revision 12966163'; Using compiler version '192528614'; Build Type 'Release'
OS: 'Windows 10 Home Single Language; OS build 19042.1645; Version 2009; 64bit' Language: 'pt' Physical Memory: 3956 MB
BatchMode: 1, IsHumanControllingUs: 0, StartBugReporterOnCrash: 0, Is64bit: 1, IsPro: 0

COMMAND LINE ARGUMENTS:
C:\Program Files\Unity 2020.3.23f1\Editor\Unity.exe
-adb2
-batchMode
-noUpm
-name
AssetImportWorker2
-projectPath
C:/Users/ogaih/Documents/Repositorios/PI/Jorge Final Developer Project
-logFile
Logs/AssetImportWorker2.log
-srvPort
49695
Successfully changed project path to: C:/Users/ogaih/Documents/Repositorios/PI/Jorge Final Developer Project
C:/Users/ogaih/Documents/Repositorios/PI/Jorge Final Developer Project
Using Asset Import Pipeline V2.
Refreshing native plugins compatible for Editor in 18606.79 ms, found 3 plugins.
Preloading 0 native plugins for Editor in 0.00 ms.
Initialize engine version: 2020.3.23f1 (c5d91304a876)
[Subsystems] Discovering subsystems at path C:/Program Files/Unity 2020.3.23f1/Editor/Data/Resources/UnitySubsystems
[Subsystems] Discovering subsystems at path C:/Users/ogaih/Documents/Repositorios/PI/Jorge Final Developer Project/Assets
